<?xml version="1.0" encoding="UTF-8"?>
<testng-results skipped="8" failed="0" total="8" passed="0">
  <reporter-output>
  </reporter-output>
  <suite name="Suite" duration-ms="18351" started-at="2021-12-11T17:32:20Z" finished-at="2021-12-11T17:32:39Z">
    <groups>
    </groups>
    <test name="Test" duration-ms="18351" started-at="2021-12-11T17:32:20Z" finished-at="2021-12-11T17:32:39Z">
      <class name="org.testing.TestScripts.TC8">
        <test-method status="PASS" signature="LocatorsFile()[pri:0, instance:org.testing.TestScripts.TC8@63021689]" name="LocatorsFile" is-config="true" duration-ms="10" started-at="2021-12-11T23:02:20Z" finished-at="2021-12-11T23:02:20Z">
          <reporter-output>
          </reporter-output>
        </test-method> <!-- LocatorsFile -->
        <test-method status="FAIL" signature="OpenBrowser()[pri:0, instance:org.testing.TestScripts.TC8@63021689]" name="OpenBrowser" is-config="true" duration-ms="0" started-at="2021-12-11T23:02:20Z" finished-at="2021-12-11T23:02:20Z">
          <exception class="org.openqa.selenium.WebDriverException">
            <message>
              <![CDATA[chrome not reachable
  (Session info: chrome=96.0.4664.93)
  (Driver info: chromedriver=95.0.4638.54 (d31a821ec901f68d0d34ccdbaea45b4c86ce543e-refs/branch-heads/4638@{#871}),platform=Windows NT 10.0.19042 x86_64) (WARNING: The server did not provide any stacktrace information)
Command duration or timeout: 12.24 seconds
Build info: version: '2.48.2', revision: '41bccdd', time: '2015-10-09 19:55:52'
System info: host: 'LAPTOP-NR892T3L', ip: '192.168.0.177', os.name: 'Windows 10', os.arch: 'amd64', os.version: '10.0', java.version: '1.8.0_291'
Driver info: org.openqa.selenium.chrome.ChromeDriver
Capabilities [{mobileEmulationEnabled=false, timeouts={implicit=0, pageLoad=300000, script=30000}, hasTouchScreen=false, platform=XP, acceptSslCerts=false, goog:chromeOptions={debuggerAddress=localhost:61576}, webauthn:extension:credBlob=true, acceptInsecureCerts=false, webStorageEnabled=true, browserName=chrome, takesScreenshot=true, javascriptEnabled=true, setWindowRect=true, webauthn:extension:largeBlob=true, unexpectedAlertBehaviour=ignore, applicationCacheEnabled=false, rotatable=false, networkConnectionEnabled=false, chrome={chromedriverVersion=95.0.4638.54 (d31a821ec901f68d0d34ccdbaea45b4c86ce543e-refs/branch-heads/4638@{#871}), userDataDir=C:\Users\Rahul\AppData\Local\Temp\scoped_dir17092_1488823917}, takesHeapSnapshot=true, pageLoadStrategy=normal, strictFileInteractability=false, databaseEnabled=false, handlesAlerts=true, version=96.0.4664.93, browserConnectionEnabled=false, proxy={}, nativeEvents=true, locationContextEnabled=true, cssSelectorsEnabled=true, webauthn:virtualAuthenticators=true}]
Session ID: 94f6aab9b04b60ed39d2989dd6e0b17f]]>
            </message>
            <full-stacktrace>
              <![CDATA[org.openqa.selenium.WebDriverException: chrome not reachable
  (Session info: chrome=96.0.4664.93)
  (Driver info: chromedriver=95.0.4638.54 (d31a821ec901f68d0d34ccdbaea45b4c86ce543e-refs/branch-heads/4638@{#871}),platform=Windows NT 10.0.19042 x86_64) (WARNING: The server did not provide any stacktrace information)
Command duration or timeout: 12.24 seconds
Build info: version: '2.48.2', revision: '41bccdd', time: '2015-10-09 19:55:52'
System info: host: 'LAPTOP-NR892T3L', ip: '192.168.0.177', os.name: 'Windows 10', os.arch: 'amd64', os.version: '10.0', java.version: '1.8.0_291'
Driver info: org.openqa.selenium.chrome.ChromeDriver
Capabilities [{mobileEmulationEnabled=false, timeouts={implicit=0, pageLoad=300000, script=30000}, hasTouchScreen=false, platform=XP, acceptSslCerts=false, goog:chromeOptions={debuggerAddress=localhost:61576}, webauthn:extension:credBlob=true, acceptInsecureCerts=false, webStorageEnabled=true, browserName=chrome, takesScreenshot=true, javascriptEnabled=true, setWindowRect=true, webauthn:extension:largeBlob=true, unexpectedAlertBehaviour=ignore, applicationCacheEnabled=false, rotatable=false, networkConnectionEnabled=false, chrome={chromedriverVersion=95.0.4638.54 (d31a821ec901f68d0d34ccdbaea45b4c86ce543e-refs/branch-heads/4638@{#871}), userDataDir=C:\Users\Rahul\AppData\Local\Temp\scoped_dir17092_1488823917}, takesHeapSnapshot=true, pageLoadStrategy=normal, strictFileInteractability=false, databaseEnabled=false, handlesAlerts=true, version=96.0.4664.93, browserConnectionEnabled=false, proxy={}, nativeEvents=true, locationContextEnabled=true, cssSelectorsEnabled=true, webauthn:virtualAuthenticators=true}]
Session ID: 94f6aab9b04b60ed39d2989dd6e0b17f
	at sun.reflect.NativeConstructorAccessorImpl.newInstance0(Native Method)
	at sun.reflect.NativeConstructorAccessorImpl.newInstance(Unknown Source)
	at sun.reflect.DelegatingConstructorAccessorImpl.newInstance(Unknown Source)
	at java.lang.reflect.Constructor.newInstance(Unknown Source)
	at org.openqa.selenium.remote.ErrorHandler.createThrowable(ErrorHandler.java:206)
	at org.openqa.selenium.remote.ErrorHandler.throwIfResponseFailed(ErrorHandler.java:158)
	at org.openqa.selenium.remote.RemoteWebDriver.execute(RemoteWebDriver.java:647)
	at org.openqa.selenium.remote.RemoteWebDriver$RemoteWebDriverOptions$RemoteWindow.maximize(RemoteWebDriver.java:907)
	at org.testing.Base.Base.OpenBrowser(Base.java:23)
	at sun.reflect.NativeMethodAccessorImpl.invoke0(Native Method)
	at sun.reflect.NativeMethodAccessorImpl.invoke(Unknown Source)
	at sun.reflect.DelegatingMethodAccessorImpl.invoke(Unknown Source)
	at java.lang.reflect.Method.invoke(Unknown Source)
	at org.testng.internal.MethodInvocationHelper.invokeMethod(MethodInvocationHelper.java:85)
	at org.testng.internal.Invoker.invokeConfigurationMethod(Invoker.java:510)
	at org.testng.internal.Invoker.invokeConfigurations(Invoker.java:211)
	at org.testng.internal.Invoker.invokeMethod(Invoker.java:585)
	at org.testng.internal.Invoker.invokeTestMethod(Invoker.java:821)
	at org.testng.internal.Invoker.invokeTestMethods(Invoker.java:1131)
	at org.testng.internal.TestMethodWorker.invokeTestMethods(TestMethodWorker.java:124)
	at org.testng.internal.TestMethodWorker.run(TestMethodWorker.java:108)
	at org.testng.TestRunner.privateRun(TestRunner.java:773)
	at org.testng.TestRunner.run(TestRunner.java:623)
	at org.testng.SuiteRunner.runTest(SuiteRunner.java:357)
	at org.testng.SuiteRunner.runSequentially(SuiteRunner.java:352)
	at org.testng.SuiteRunner.privateRun(SuiteRunner.java:310)
	at org.testng.SuiteRunner.run(SuiteRunner.java:259)
	at org.testng.SuiteRunnerWorker.runSuite(SuiteRunnerWorker.java:52)
	at org.testng.SuiteRunnerWorker.run(SuiteRunnerWorker.java:86)
	at org.testng.TestNG.runSuitesSequentially(TestNG.java:1185)
	at org.testng.TestNG.runSuitesLocally(TestNG.java:1110)
	at org.testng.TestNG.run(TestNG.java:1018)
	at org.testng.remote.AbstractRemoteTestNG.run(AbstractRemoteTestNG.java:115)
	at org.testng.remote.RemoteTestNG.initAndRun(RemoteTestNG.java:251)
	at org.testng.remote.RemoteTestNG.main(RemoteTestNG.java:77)
]]>
            </full-stacktrace>
          </exception> <!-- org.openqa.selenium.WebDriverException -->
          <reporter-output>
          </reporter-output>
        </test-method> <!-- OpenBrowser -->
        <test-method status="SKIP" signature="History()[pri:0, instance:org.testing.TestScripts.TC8@63021689]" name="History" duration-ms="3" started-at="2021-12-11T23:02:39Z" finished-at="2021-12-11T23:02:39Z">
          <reporter-output>
          </reporter-output>
        </test-method> <!-- History -->
      </class> <!-- org.testing.TestScripts.TC8 -->
      <class name="org.testing.TestScripts.TC7">
        <test-method status="SKIP" signature="LocatorsFile()[pri:0, instance:org.testing.TestScripts.TC7@10e41621]" name="LocatorsFile" is-config="true" duration-ms="0" started-at="2021-12-11T23:02:39Z" finished-at="2021-12-11T23:02:39Z">
          <reporter-output>
          </reporter-output>
        </test-method> <!-- LocatorsFile -->
        <test-method status="SKIP" signature="OpenBrowser()[pri:0, instance:org.testing.TestScripts.TC7@10e41621]" name="OpenBrowser" is-config="true" duration-ms="0" started-at="2021-12-11T23:02:39Z" finished-at="2021-12-11T23:02:39Z">
          <reporter-output>
          </reporter-output>
        </test-method> <!-- OpenBrowser -->
        <test-method status="SKIP" signature="History()[pri:0, instance:org.testing.TestScripts.TC7@10e41621]" name="History" duration-ms="1" started-at="2021-12-11T23:02:39Z" finished-at="2021-12-11T23:02:39Z">
          <reporter-output>
          </reporter-output>
        </test-method> <!-- History -->
      </class> <!-- org.testing.TestScripts.TC7 -->
      <class name="org.testing.TestScripts.TC4">
        <test-method status="SKIP" signature="LocatorsFile()[pri:0, instance:org.testing.TestScripts.TC4@67a20f67]" name="LocatorsFile" is-config="true" duration-ms="0" started-at="2021-12-11T23:02:39Z" finished-at="2021-12-11T23:02:39Z">
          <reporter-output>
          </reporter-output>
        </test-method> <!-- LocatorsFile -->
        <test-method status="SKIP" signature="OpenBrowser()[pri:0, instance:org.testing.TestScripts.TC4@67a20f67]" name="OpenBrowser" is-config="true" duration-ms="0" started-at="2021-12-11T23:02:39Z" finished-at="2021-12-11T23:02:39Z">
          <reporter-output>
          </reporter-output>
        </test-method> <!-- OpenBrowser -->
        <test-method status="SKIP" signature="PlayLike()[pri:0, instance:org.testing.TestScripts.TC4@67a20f67]" name="PlayLike" duration-ms="2" started-at="2021-12-11T23:02:39Z" finished-at="2021-12-11T23:02:39Z">
          <reporter-output>
          </reporter-output>
        </test-method> <!-- PlayLike -->
      </class> <!-- org.testing.TestScripts.TC4 -->
      <class name="org.testing.TestScripts.TC3">
        <test-method status="SKIP" signature="LocatorsFile()[pri:0, instance:org.testing.TestScripts.TC3@57c758ac]" name="LocatorsFile" is-config="true" duration-ms="0" started-at="2021-12-11T23:02:39Z" finished-at="2021-12-11T23:02:39Z">
          <reporter-output>
          </reporter-output>
        </test-method> <!-- LocatorsFile -->
        <test-method status="SKIP" signature="OpenBrowser()[pri:0, instance:org.testing.TestScripts.TC3@57c758ac]" name="OpenBrowser" is-config="true" duration-ms="0" started-at="2021-12-11T23:02:39Z" finished-at="2021-12-11T23:02:39Z">
          <reporter-output>
          </reporter-output>
        </test-method> <!-- OpenBrowser -->
        <test-method status="SKIP" signature="Subscriptons()[pri:0, instance:org.testing.TestScripts.TC3@57c758ac]" name="Subscriptons" duration-ms="1" started-at="2021-12-11T23:02:39Z" finished-at="2021-12-11T23:02:39Z">
          <reporter-output>
          </reporter-output>
        </test-method> <!-- Subscriptons -->
      </class> <!-- org.testing.TestScripts.TC3 -->
      <class name="org.testing.TestScripts.TC6">
        <test-method status="SKIP" signature="LocatorsFile()[pri:0, instance:org.testing.TestScripts.TC6@353d0772]" name="LocatorsFile" is-config="true" duration-ms="0" started-at="2021-12-11T23:02:39Z" finished-at="2021-12-11T23:02:39Z">
          <reporter-output>
          </reporter-output>
        </test-method> <!-- LocatorsFile -->
        <test-method status="SKIP" signature="OpenBrowser()[pri:0, instance:org.testing.TestScripts.TC6@353d0772]" name="OpenBrowser" is-config="true" duration-ms="0" started-at="2021-12-11T23:02:39Z" finished-at="2021-12-11T23:02:39Z">
          <reporter-output>
          </reporter-output>
        </test-method> <!-- OpenBrowser -->
        <test-method status="SKIP" signature="CommentVideo()[pri:0, instance:org.testing.TestScripts.TC6@353d0772]" name="CommentVideo" duration-ms="3" started-at="2021-12-11T23:02:39Z" finished-at="2021-12-11T23:02:39Z">
          <reporter-output>
          </reporter-output>
        </test-method> <!-- CommentVideo -->
      </class> <!-- org.testing.TestScripts.TC6 -->
      <class name="org.testing.TestScripts.TC5">
        <test-method status="SKIP" signature="LocatorsFile()[pri:0, instance:org.testing.TestScripts.TC5@2667f029]" name="LocatorsFile" is-config="true" duration-ms="0" started-at="2021-12-11T23:02:39Z" finished-at="2021-12-11T23:02:39Z">
          <reporter-output>
          </reporter-output>
        </test-method> <!-- LocatorsFile -->
        <test-method status="SKIP" signature="OpenBrowser()[pri:0, instance:org.testing.TestScripts.TC5@2667f029]" name="OpenBrowser" is-config="true" duration-ms="0" started-at="2021-12-11T23:02:39Z" finished-at="2021-12-11T23:02:39Z">
          <reporter-output>
          </reporter-output>
        </test-method> <!-- OpenBrowser -->
        <test-method status="SKIP" signature="ChannelSubscribe()[pri:0, instance:org.testing.TestScripts.TC5@2667f029]" name="ChannelSubscribe" duration-ms="2" started-at="2021-12-11T23:02:39Z" finished-at="2021-12-11T23:02:39Z">
          <reporter-output>
          </reporter-output>
        </test-method> <!-- ChannelSubscribe -->
      </class> <!-- org.testing.TestScripts.TC5 -->
      <class name="org.testing.TestScripts.TC2">
        <test-method status="SKIP" signature="LocatorsFile()[pri:0, instance:org.testing.TestScripts.TC2@a9cd3b1]" name="LocatorsFile" is-config="true" duration-ms="0" started-at="2021-12-11T23:02:39Z" finished-at="2021-12-11T23:02:39Z">
          <reporter-output>
          </reporter-output>
        </test-method> <!-- LocatorsFile -->
        <test-method status="SKIP" signature="OpenBrowser()[pri:0, instance:org.testing.TestScripts.TC2@a9cd3b1]" name="OpenBrowser" is-config="true" duration-ms="0" started-at="2021-12-11T23:02:39Z" finished-at="2021-12-11T23:02:39Z">
          <reporter-output>
          </reporter-output>
        </test-method> <!-- OpenBrowser -->
        <test-method status="SKIP" signature="History()[pri:0, instance:org.testing.TestScripts.TC2@a9cd3b1]" name="History" duration-ms="2" started-at="2021-12-11T23:02:39Z" finished-at="2021-12-11T23:02:39Z">
          <reporter-output>
          </reporter-output>
        </test-method> <!-- History -->
      </class> <!-- org.testing.TestScripts.TC2 -->
      <class name="org.testing.TestScripts.TC1">
        <test-method status="SKIP" signature="LocatorsFile()[pri:0, instance:org.testing.TestScripts.TC1@64cd705f]" name="LocatorsFile" is-config="true" duration-ms="0" started-at="2021-12-11T23:02:39Z" finished-at="2021-12-11T23:02:39Z">
          <reporter-output>
          </reporter-output>
        </test-method> <!-- LocatorsFile -->
        <test-method status="SKIP" signature="OpenBrowser()[pri:0, instance:org.testing.TestScripts.TC1@64cd705f]" name="OpenBrowser" is-config="true" duration-ms="0" started-at="2021-12-11T23:02:39Z" finished-at="2021-12-11T23:02:39Z">
          <reporter-output>
          </reporter-output>
        </test-method> <!-- OpenBrowser -->
        <test-method status="SKIP" signature="TrendingClick()[pri:0, instance:org.testing.TestScripts.TC1@64cd705f]" name="TrendingClick" duration-ms="1" started-at="2021-12-11T23:02:39Z" finished-at="2021-12-11T23:02:39Z">
          <reporter-output>
          </reporter-output>
        </test-method> <!-- TrendingClick -->
      </class> <!-- org.testing.TestScripts.TC1 -->
    </test> <!-- Test -->
  </suite> <!-- Suite -->
</testng-results>
